2022/01/10 14:38:55 [notice] 1#1: using the "epoll" event method
2022/01/10 14:38:55 [notice] 1#1: nginx/1.21.0
2022/01/10 14:38:55 [notice] 1#1: built by gcc 10.2.1 20201203 (Alpine 10.2.1_pre1) 
2022/01/10 14:38:55 [notice] 1#1: OS: Linux 5.4.72-microsoft-standard-WSL2
2022/01/10 14:38:55 [notice] 1#1: getrlimit(RLIMIT_NOFILE): 1048576:1048576
2022/01/10 14:38:55 [notice] 1#1: start worker processes
2022/01/10 14:38:55 [notice] 1#1: start worker process 33
2022/01/10 14:38:55 [notice] 1#1: start worker process 34
2022/01/10 14:38:55 [notice] 1#1: start worker process 35
2022/01/10 14:38:55 [notice] 1#1: start worker process 36
2022/01/10 14:57:36 [notice] 1#1: signal 3 (SIGQUIT) received, shutting down
2022/01/10 14:57:36 [notice] 33#33: gracefully shutting down
2022/01/10 14:57:36 [notice] 35#35: gracefully shutting down
2022/01/10 14:57:36 [notice] 34#34: gracefully shutting down
2022/01/10 14:57:36 [notice] 34#34: exiting
2022/01/10 14:57:36 [notice] 36#36: gracefully shutting down
2022/01/10 14:57:36 [notice] 35#35: exiting
2022/01/10 14:57:36 [notice] 36#36: exiting
2022/01/10 14:57:36 [notice] 33#33: exiting
2022/01/10 14:57:36 [notice] 36#36: exit
2022/01/10 14:57:36 [notice] 34#34: exit
2022/01/10 14:57:36 [notice] 35#35: exit
2022/01/10 14:57:36 [notice] 33#33: exit
2022/01/10 14:57:36 [notice] 1#1: signal 17 (SIGCHLD) received from 33
2022/01/10 14:57:36 [notice] 1#1: worker process 33 exited with code 0
2022/01/10 14:57:36 [notice] 1#1: worker process 36 exited with code 0
2022/01/10 14:57:36 [notice] 1#1: signal 29 (SIGIO) received
2022/01/10 14:57:36 [notice] 1#1: signal 17 (SIGCHLD) received from 34
2022/01/10 14:57:36 [notice] 1#1: worker process 34 exited with code 0
2022/01/10 14:57:36 [notice] 1#1: signal 29 (SIGIO) received
2022/01/10 14:57:36 [notice] 1#1: signal 17 (SIGCHLD) received from 35
2022/01/10 14:57:36 [notice] 1#1: worker process 35 exited with code 0
2022/01/10 14:57:36 [notice] 1#1: exit
